Found 408 PNGs
OCR todo: 379, workers=4
OCR 25/379 last=p0054 ok
OCR 50/379 last=p0079 ok
OCR 75/379 last=p0104 ok
OCR 100/379 last=p0128 ok
OCR 125/379 last=p0154 ok
OCR 150/379 last=p0179 ok
OCR 175/379 last=p0205 ok
OCR 200/379 last=p0229 ok
OCR 225/379 last=p0254 ok
OCR 250/379 last=p0279 ok
OCR 275/379 last=p0304 ok
OCR 300/379 last=p0329 ok
OCR 325/379 last=p0354 ok
OCR 350/379 last=p0379 ok
OCR 375/379 last=p0404 ok
OCR 379/379 last=p0407 ok
FULL TEXT: words=312130 lines=45470 missing_pages=0
cleaned PNGs
